node_modules/powerbi-visuals/lib/powerbi-visuals.d.ts(85,73): error TS7006: Parameter 'T' implicitly has an 'any' type.
node_modules/powerbi-visuals/lib/powerbi-visuals.d.ts(2097,47): error TS2503: Cannot find namespace 'D3'.
node_modules/powerbi-visuals/lib/powerbi-visuals.d.ts(2381,17): error TS2503: Cannot find namespace 'D3'.
node_modules/powerbi-visuals/lib/powerbi-visuals.d.ts(2384,30): error TS2503: Cannot find namespace 'D3'.
node_modules/powerbi-visuals/lib/powerbi-visuals.d.ts(2388,17): error TS2503: Cannot find namespace 'D3'.
node_modules/powerbi-visuals/lib/powerbi-visuals.d.ts(2405,26): error TS2503: Cannot find namespace 'D3'.
node_modules/powerbi-visuals/lib/powerbi-visuals.d.ts(2406,31): error TS2503: Cannot find namespace 'D3'.
node_modules/powerbi-visuals/lib/powerbi-visuals.d.ts(2416,17): error TS2503: Cannot find namespace 'D3'.
node_modules/powerbi-visuals/lib/powerbi-visuals.d.ts(2417,26): error TS2503: Cannot find namespace 'D3'.
node_modules/powerbi-visuals/lib/powerbi-visuals.d.ts(2436,30): error TS2503: Cannot find namespace 'D3'.
node_modules/powerbi-visuals/lib/powerbi-visuals.d.ts(2437,31): error TS2503: Cannot find namespace 'D3'.
node_modules/powerbi-visuals/lib/powerbi-visuals.d.ts(2438,33): error TS2503: Cannot find namespace 'D3'.
node_modules/powerbi-visuals/lib/powerbi-visuals.d.ts(2439,31): error TS2503: Cannot find namespace 'D3'.
node_modules/powerbi-visuals/lib/powerbi-visuals.d.ts(2447,17): error TS2503: Cannot find namespace 'D3'.
node_modules/powerbi-visuals/lib/powerbi-visuals.d.ts(2448,21): error TS2503: Cannot find namespace 'D3'.
node_modules/powerbi-visuals/lib/powerbi-visuals.d.ts(2469,16): error TS2503: Cannot find namespace 'D3'.
node_modules/powerbi-visuals/lib/powerbi-visuals.d.ts(2470,25): error TS2503: Cannot find namespace 'D3'.
node_modules/powerbi-visuals/lib/powerbi-visuals.d.ts(2471,28): error TS2503: Cannot find namespace 'D3'.
node_modules/powerbi-visuals/lib/powerbi-visuals.d.ts(2472,28): error TS2503: Cannot find namespace 'D3'.
node_modules/powerbi-visuals/lib/powerbi-visuals.d.ts(2473,31): error TS2503: Cannot find namespace 'D3'.
node_modules/powerbi-visuals/lib/powerbi-visuals.d.ts(2474,31): error TS2503: Cannot find namespace 'D3'.
node_modules/powerbi-visuals/lib/powerbi-visuals.d.ts(2479,17): error TS2503: Cannot find namespace 'D3'.
node_modules/powerbi-visuals/lib/powerbi-visuals.d.ts(2480,26): error TS2503: Cannot find namespace 'D3'.
node_modules/powerbi-visuals/lib/powerbi-visuals.d.ts(2481,22): error TS2503: Cannot find namespace 'D3'.
node_modules/powerbi-visuals/lib/powerbi-visuals.d.ts(2482,22): error TS2503: Cannot find namespace 'D3'.
node_modules/powerbi-visuals/lib/powerbi-visuals.d.ts(3238,15): error TS2503: Cannot find namespace 'D3'.
node_modules/powerbi-visuals/lib/powerbi-visuals.d.ts(3239,21): error TS2503: Cannot find namespace 'D3'.
node_modules/powerbi-visuals/lib/powerbi-visuals.d.ts(3240,30): error TS2503: Cannot find namespace 'D3'.
node_modules/powerbi-visuals/lib/powerbi-visuals.d.ts(3256,15): error TS2503: Cannot find namespace 'D3'.
node_modules/powerbi-visuals/lib/powerbi-visuals.d.ts(3257,20): error TS2503: Cannot find namespace 'D3'.
node_modules/powerbi-visuals/lib/powerbi-visuals.d.ts(3270,17): error TS2503: Cannot find namespace 'D3'.
node_modules/powerbi-visuals/lib/powerbi-visuals.d.ts(3271,26): error TS2503: Cannot find namespace 'D3'.
node_modules/powerbi-visuals/lib/powerbi-visuals.d.ts(3272,23): error TS2503: Cannot find namespace 'D3'.
node_modules/powerbi-visuals/lib/powerbi-visuals.d.ts(3288,15): error TS2503: Cannot find namespace 'D3'.
node_modules/powerbi-visuals/lib/powerbi-visuals.d.ts(3289,22): error TS2503: Cannot find namespace 'D3'.
node_modules/powerbi-visuals/lib/powerbi-visuals.d.ts(3290,23): error TS2503: Cannot find namespace 'D3'.
node_modules/powerbi-visuals/lib/powerbi-visuals.d.ts(3310,16): error TS2503: Cannot find namespace 'D3'.
node_modules/powerbi-visuals/lib/powerbi-visuals.d.ts(3311,29): error TS2503: Cannot find namespace 'D3'.
node_modules/powerbi-visuals/lib/powerbi-visuals.d.ts(3312,15): error TS2503: Cannot find namespace 'D3'.
node_modules/powerbi-visuals/lib/powerbi-visuals.d.ts(3313,16): error TS2503: Cannot find namespace 'D3'.
node_modules/powerbi-visuals/lib/powerbi-visuals.d.ts(3315,25): error TS2503: Cannot find namespace 'D3'.
node_modules/powerbi-visuals/lib/powerbi-visuals.d.ts(3333,19): error TS2503: Cannot find namespace 'D3'.
node_modules/powerbi-visuals/lib/powerbi-visuals.d.ts(3334,18): error TS2503: Cannot find namespace 'D3'.
node_modules/powerbi-visuals/lib/powerbi-visuals.d.ts(3335,18): error TS2503: Cannot find namespace 'D3'.
node_modules/powerbi-visuals/lib/powerbi-visuals.d.ts(3336,23): error TS2503: Cannot find namespace 'D3'.
node_modules/powerbi-visuals/lib/powerbi-visuals.d.ts(3337,28): error TS2503: Cannot find namespace 'D3'.
node_modules/powerbi-visuals/lib/powerbi-visuals.d.ts(3338,27): error TS2503: Cannot find namespace 'D3'.
node_modules/powerbi-visuals/lib/powerbi-visuals.d.ts(3339,27): error TS2503: Cannot find namespace 'D3'.
node_modules/powerbi-visuals/lib/powerbi-visuals.d.ts(3370,30): error TS2503: Cannot find namespace 'D3'.
node_modules/powerbi-visuals/lib/powerbi-visuals.d.ts(3371,22): error TS2503: Cannot find namespace 'D3'.
node_modules/powerbi-visuals/lib/powerbi-visuals.d.ts(3373,22): error TS2503: Cannot find namespace 'D3'.
node_modules/powerbi-visuals/lib/powerbi-visuals.d.ts(3378,15): error TS2503: Cannot find namespace 'D3'.
node_modules/powerbi-visuals/lib/powerbi-visuals.d.ts(3379,21): error TS2503: Cannot find namespace 'D3'.
node_modules/powerbi-visuals/lib/powerbi-visuals.d.ts(3439,25): error TS2503: Cannot find namespace 'D3'.
node_modules/powerbi-visuals/lib/powerbi-visuals.d.ts(3453,25): error TS2503: Cannot find namespace 'D3'.
node_modules/powerbi-visuals/lib/powerbi-visuals.d.ts(3454,21): error TS2503: Cannot find namespace 'D3'.
node_modules/powerbi-visuals/lib/powerbi-visuals.d.ts(3473,26): error TS2503: Cannot find namespace 'D3'.
node_modules/powerbi-visuals/lib/powerbi-visuals.d.ts(3474,21): error TS2503: Cannot find namespace 'D3'.
node_modules/powerbi-visuals/lib/powerbi-visuals.d.ts(3475,16): error TS2503: Cannot find namespace 'D3'.
node_modules/powerbi-visuals/lib/powerbi-visuals.d.ts(3480,22): error TS2503: Cannot find namespace 'D3'.
node_modules/powerbi-visuals/lib/powerbi-visuals.d.ts(3487,82): error TS2503: Cannot find namespace 'D3'.
node_modules/powerbi-visuals/lib/powerbi-visuals.d.ts(3488,59): error TS2503: Cannot find namespace 'D3'.
node_modules/powerbi-visuals/lib/powerbi-visuals.d.ts(3488,84): error TS2503: Cannot find namespace 'D3'.
node_modules/powerbi-visuals/lib/powerbi-visuals.d.ts(3489,46): error TS2503: Cannot find namespace 'D3'.
node_modules/powerbi-visuals/lib/powerbi-visuals.d.ts(3502,22): error TS2503: Cannot find namespace 'D3'.
node_modules/powerbi-visuals/lib/powerbi-visuals.d.ts(3503,22): error TS2503: Cannot find namespace 'D3'.
node_modules/powerbi-visuals/lib/powerbi-visuals.d.ts(3504,23): error TS2503: Cannot find namespace 'D3'.
node_modules/powerbi-visuals/lib/powerbi-visuals.d.ts(3516,17): error TS2503: Cannot find namespace 'D3'.
node_modules/powerbi-visuals/lib/powerbi-visuals.d.ts(3517,26): error TS2503: Cannot find namespace 'D3'.
node_modules/powerbi-visuals/lib/powerbi-visuals.d.ts(3518,22): error TS2503: Cannot find namespace 'D3'.
node_modules/powerbi-visuals/lib/powerbi-visuals.d.ts(3519,22): error TS2503: Cannot find namespace 'D3'.
node_modules/powerbi-visuals/lib/powerbi-visuals.d.ts(3534,15): error TS2503: Cannot find namespace 'D3'.
node_modules/powerbi-visuals/lib/powerbi-visuals.d.ts(3545,21): error TS2503: Cannot find namespace 'D3'.
node_modules/powerbi-visuals/lib/powerbi-visuals.d.ts(3559,23): error TS2503: Cannot find namespace 'D3'.
node_modules/powerbi-visuals/lib/powerbi-visuals.d.ts(3592,16): error TS2503: Cannot find namespace 'D3'.
node_modules/powerbi-visuals/lib/powerbi-visuals.d.ts(3596,15): error TS2503: Cannot find namespace 'D3'.
node_modules/powerbi-visuals/lib/powerbi-visuals.d.ts(3656,27): error TS2503: Cannot find namespace 'D3'.
node_modules/powerbi-visuals/lib/powerbi-visuals.d.ts(3734,16): error TS2503: Cannot find namespace 'D3'.
node_modules/powerbi-visuals/lib/powerbi-visuals.d.ts(3758,68): error TS2503: Cannot find namespace 'D3'.
node_modules/powerbi-visuals/lib/powerbi-visuals.d.ts(3760,89): error TS2503: Cannot find namespace 'D3'.
node_modules/powerbi-visuals/lib/powerbi-visuals.d.ts(3770,44): error TS2503: Cannot find namespace 'D3'.
node_modules/powerbi-visuals/lib/powerbi-visuals.d.ts(3772,44): error TS2503: Cannot find namespace 'D3'.
node_modules/powerbi-visuals/lib/powerbi-visuals.d.ts(3774,36): error TS2503: Cannot find namespace 'D3'.
node_modules/powerbi-visuals/lib/powerbi-visuals.d.ts(3813,45): error TS2503: Cannot find namespace 'D3'.
node_modules/powerbi-visuals/lib/powerbi-visuals.d.ts(3814,38): error TS2503: Cannot find namespace 'D3'.
node_modules/powerbi-visuals/lib/powerbi-visuals.d.ts(3815,33): error TS2503: Cannot find namespace 'D3'.
node_modules/powerbi-visuals/lib/powerbi-visuals.d.ts(3817,104): error TS2503: Cannot find namespace 'D3'.
node_modules/powerbi-visuals/lib/powerbi-visuals.d.ts(3819,188): error TS2503: Cannot find namespace 'D3'.
node_modules/powerbi-visuals/lib/powerbi-visuals.d.ts(3820,141): error TS2503: Cannot find namespace 'D3'.
node_modules/powerbi-visuals/lib/powerbi-visuals.d.ts(3860,120): error TS2503: Cannot find namespace 'D3'.
node_modules/powerbi-visuals/lib/powerbi-visuals.d.ts(3862,115): error TS2503: Cannot find namespace 'D3'.
node_modules/powerbi-visuals/lib/powerbi-visuals.d.ts(3864,115): error TS2503: Cannot find namespace 'D3'.
node_modules/powerbi-visuals/lib/powerbi-visuals.d.ts(3866,118): error TS2503: Cannot find namespace 'D3'.
node_modules/powerbi-visuals/lib/powerbi-visuals.d.ts(3868,119): error TS2503: Cannot find namespace 'D3'.
node_modules/powerbi-visuals/lib/powerbi-visuals.d.ts(3916,46): error TS2503: Cannot find namespace 'D3'.
node_modules/powerbi-visuals/lib/powerbi-visuals.d.ts(3919,62): error TS2503: Cannot find namespace 'D3'.
node_modules/powerbi-visuals/lib/powerbi-visuals.d.ts(3920,69): error TS2503: Cannot find namespace 'D3'.
node_modules/powerbi-visuals/lib/powerbi-visuals.d.ts(3920,116): error TS2503: Cannot find namespace 'D3'.
node_modules/powerbi-visuals/lib/powerbi-visuals.d.ts(3921,67): error TS2503: Cannot find namespace 'D3'.
node_modules/powerbi-visuals/lib/powerbi-visuals.d.ts(3921,182): error TS2503: Cannot find namespace 'D3'.
node_modules/powerbi-visuals/lib/powerbi-visuals.d.ts(3922,44): error TS2503: Cannot find namespace 'D3'.
node_modules/powerbi-visuals/lib/powerbi-visuals.d.ts(3922,73): error TS2503: Cannot find namespace 'D3'.
node_modules/powerbi-visuals/lib/powerbi-visuals.d.ts(3922,181): error TS2503: Cannot find namespace 'D3'.
node_modules/powerbi-visuals/lib/powerbi-visuals.d.ts(3923,50): error TS2503: Cannot find namespace 'D3'.
node_modules/powerbi-visuals/lib/powerbi-visuals.d.ts(3927,52): error TS2503: Cannot find namespace 'D3'.
node_modules/powerbi-visuals/lib/powerbi-visuals.d.ts(3934,33): error TS2503: Cannot find namespace 'D3'.
node_modules/powerbi-visuals/lib/powerbi-visuals.d.ts(3937,52): error TS2503: Cannot find namespace 'D3'.
node_modules/powerbi-visuals/lib/powerbi-visuals.d.ts(4074,75): error TS2503: Cannot find namespace 'D3'.
node_modules/powerbi-visuals/lib/powerbi-visuals.d.ts(4074,207): error TS2503: Cannot find namespace 'D3'.
node_modules/powerbi-visuals/lib/powerbi-visuals.d.ts(4075,43): error TS2503: Cannot find namespace 'D3'.
node_modules/powerbi-visuals/lib/powerbi-visuals.d.ts(4076,55): error TS2503: Cannot find namespace 'D3'.
node_modules/powerbi-visuals/lib/powerbi-visuals.d.ts(4083,53): error TS2503: Cannot find namespace 'D3'.
node_modules/powerbi-visuals/lib/powerbi-visuals.d.ts(4083,89): error TS2503: Cannot find namespace 'D3'.
node_modules/powerbi-visuals/lib/powerbi-visuals.d.ts(4084,50): error TS2503: Cannot find namespace 'D3'.
node_modules/powerbi-visuals/lib/powerbi-visuals.d.ts(4084,86): error TS2503: Cannot find namespace 'D3'.
node_modules/powerbi-visuals/lib/powerbi-visuals.d.ts(4128,45): error TS2503: Cannot find namespace 'D3'.
node_modules/powerbi-visuals/lib/powerbi-visuals.d.ts(4128,141): error TS2503: Cannot find namespace 'D3'.
node_modules/powerbi-visuals/lib/powerbi-visuals.d.ts(4129,48): error TS2503: Cannot find namespace 'D3'.
node_modules/powerbi-visuals/lib/powerbi-visuals.d.ts(4129,140): error TS2503: Cannot find namespace 'D3'.
node_modules/powerbi-visuals/lib/powerbi-visuals.d.ts(4131,47): error TS2503: Cannot find namespace 'D3'.
node_modules/powerbi-visuals/lib/powerbi-visuals.d.ts(4131,120): error TS2503: Cannot find namespace 'D3'.
node_modules/powerbi-visuals/lib/powerbi-visuals.d.ts(4132,48): error TS2503: Cannot find namespace 'D3'.
node_modules/powerbi-visuals/lib/powerbi-visuals.d.ts(4253,67): error TS2503: Cannot find namespace 'D3'.
node_modules/powerbi-visuals/lib/powerbi-visuals.d.ts(4254,62): error TS2503: Cannot find namespace 'D3'.
node_modules/powerbi-visuals/lib/powerbi-visuals.d.ts(4255,64): error TS2503: Cannot find namespace 'D3'.
node_modules/powerbi-visuals/lib/powerbi-visuals.d.ts(4256,60): error TS2503: Cannot find namespace 'D3'.
node_modules/powerbi-visuals/lib/powerbi-visuals.d.ts(4257,55): error TS2503: Cannot find namespace 'D3'.
node_modules/powerbi-visuals/lib/powerbi-visuals.d.ts(4258,57): error TS2503: Cannot find namespace 'D3'.
node_modules/powerbi-visuals/lib/powerbi-visuals.d.ts(4269,44): error TS7006: Parameter 'd' implicitly has an 'any' type.
node_modules/powerbi-visuals/lib/powerbi-visuals.d.ts(4279,28): error TS2503: Cannot find namespace 'D3'.
node_modules/powerbi-visuals/lib/powerbi-visuals.d.ts(4280,27): error TS2503: Cannot find namespace 'D3'.
node_modules/powerbi-visuals/lib/powerbi-visuals.d.ts(4281,29): error TS2503: Cannot find namespace 'D3'.
node_modules/powerbi-visuals/lib/powerbi-visuals.d.ts(4283,24): error TS2503: Cannot find namespace 'D3'.
node_modules/powerbi-visuals/lib/powerbi-visuals.d.ts(4337,69): error TS2503: Cannot find namespace 'Microsoft'.
node_modules/powerbi-visuals/lib/powerbi-visuals.d.ts(4345,46): error TS2503: Cannot find namespace 'Microsoft'.
node_modules/powerbi-visuals/lib/powerbi-visuals.d.ts(4346,53): error TS2503: Cannot find namespace 'Microsoft'.
node_modules/powerbi-visuals/lib/powerbi-visuals.d.ts(4348,92): error TS2503: Cannot find namespace 'Microsoft'.
node_modules/powerbi-visuals/lib/powerbi-visuals.d.ts(4350,46): error TS2503: Cannot find namespace 'Microsoft'.
node_modules/powerbi-visuals/lib/powerbi-visuals.d.ts(4350,72): error TS2503: Cannot find namespace 'Microsoft'.
node_modules/powerbi-visuals/lib/powerbi-visuals.d.ts(4358,28): error TS2503: Cannot find namespace 'Microsoft'.
node_modules/powerbi-visuals/lib/powerbi-visuals.d.ts(4598,80): error TS2503: Cannot find namespace 'D3'.
node_modules/powerbi-visuals/lib/powerbi-visuals.d.ts(4601,45): error TS2503: Cannot find namespace 'D3'.
node_modules/powerbi-visuals/lib/powerbi-visuals.d.ts(4602,44): error TS2503: Cannot find namespace 'D3'.
node_modules/powerbi-visuals/lib/powerbi-visuals.d.ts(4616,43): error TS2503: Cannot find namespace 'D3'.
node_modules/powerbi-visuals/lib/powerbi-visuals.d.ts(4677,48): error TS2503: Cannot find namespace 'D3'.
node_modules/powerbi-visuals/lib/powerbi-visuals.d.ts(4706,33): error TS2503: Cannot find namespace 'D3'.
node_modules/powerbi-visuals/lib/powerbi-visuals.d.ts(4868,67): error TS2503: Cannot find namespace 'D3'.
node_modules/powerbi-visuals/lib/powerbi-visuals.d.ts(4913,66): error TS2503: Cannot find namespace 'D3'.
node_modules/powerbi-visuals/lib/powerbi-visuals.d.ts(5449,14): error TS2503: Cannot find namespace 'D3'.
node_modules/powerbi-visuals/lib/powerbi-visuals.d.ts(5450,19): error TS2503: Cannot find namespace 'D3'.
node_modules/powerbi-visuals/lib/powerbi-visuals.d.ts(5646,44): error TS2503: Cannot find namespace 'D3'.
node_modules/powerbi-visuals/lib/powerbi-visuals.d.ts(5646,59): error TS2503: Cannot find namespace 'D3'.
node_modules/powerbi-visuals/lib/powerbi-visuals.d.ts(8188,14): error TS2503: Cannot find namespace 'D3'.
node_modules/powerbi-visuals/lib/powerbi-visuals.d.ts(8219,27): error TS2503: Cannot find namespace 'D3'.
node_modules/powerbi-visuals/lib/powerbi-visuals.d.ts(8441,14): error TS2503: Cannot find namespace 'D3'.
node_modules/powerbi-visuals/lib/powerbi-visuals.d.ts(8444,25): error TS2503: Cannot find namespace 'D3'.
node_modules/powerbi-visuals/lib/powerbi-visuals.d.ts(8481,25): error TS2503: Cannot find namespace 'D3'.
node_modules/powerbi-visuals/lib/powerbi-visuals.d.ts(8669,32): error TS2503: Cannot find namespace 'D3'.
node_modules/powerbi-visuals/lib/powerbi-visuals.d.ts(8670,28): error TS2503: Cannot find namespace 'D3'.
node_modules/powerbi-visuals/lib/powerbi-visuals.d.ts(8671,31): error TS2503: Cannot find namespace 'D3'.
node_modules/powerbi-visuals/lib/powerbi-visuals.d.ts(8672,21): error TS2503: Cannot find namespace 'D3'.
node_modules/powerbi-visuals/lib/powerbi-visuals.d.ts(8673,22): error TS2503: Cannot find namespace 'D3'.
node_modules/powerbi-visuals/lib/powerbi-visuals.d.ts(8674,22): error TS2503: Cannot find namespace 'D3'.
node_modules/powerbi-visuals/lib/powerbi-visuals.d.ts(8676,19): error TS2503: Cannot find namespace 'D3'.
node_modules/powerbi-visuals/lib/powerbi-visuals.d.ts(8775,28): error TS2503: Cannot find namespace 'D3'.
node_modules/powerbi-visuals/lib/powerbi-visuals.d.ts(8776,25): error TS2503: Cannot find namespace 'D3'.
node_modules/powerbi-visuals/lib/powerbi-visuals.d.ts(8848,17): error TS2503: Cannot find namespace 'D3'.
node_modules/powerbi-visuals/lib/powerbi-visuals.d.ts(8849,17): error TS2503: Cannot find namespace 'D3'.
node_modules/powerbi-visuals/lib/powerbi-visuals.d.ts(8850,29): error TS2503: Cannot find namespace 'D3'.
node_modules/powerbi-visuals/lib/powerbi-visuals.d.ts(8884,35): error TS2503: Cannot find namespace 'D3'.
node_modules/powerbi-visuals/lib/powerbi-visuals.d.ts(8886,30): error TS2503: Cannot find namespace 'D3'.
node_modules/powerbi-visuals/lib/powerbi-visuals.d.ts(8918,21): error TS2503: Cannot find namespace 'D3'.
node_modules/powerbi-visuals/lib/powerbi-visuals.d.ts(8919,26): error TS2503: Cannot find namespace 'D3'.
node_modules/powerbi-visuals/lib/powerbi-visuals.d.ts(9210,28): error TS2503: Cannot find namespace 'D3'.
node_modules/powerbi-visuals/lib/powerbi-visuals.d.ts(9352,21): error TS2503: Cannot find namespace 'D3'.
node_modules/powerbi-visuals/lib/powerbi-visuals.d.ts(9353,24): error TS2503: Cannot find namespace 'D3'.
node_modules/powerbi-visuals/lib/powerbi-visuals.d.ts(9481,49): error TS2503: Cannot find namespace 'D3'.
node_modules/powerbi-visuals/lib/powerbi-visuals.d.ts(9482,100): error TS2503: Cannot find namespace 'D3'.
node_modules/powerbi-visuals/lib/powerbi-visuals.d.ts(9482,161): error TS2503: Cannot find namespace 'D3'.
node_modules/powerbi-visuals/lib/powerbi-visuals.d.ts(9484,85): error TS2503: Cannot find namespace 'D3'.
node_modules/powerbi-visuals/lib/powerbi-visuals.d.ts(9484,123): error TS2503: Cannot find namespace 'D3'.
node_modules/powerbi-visuals/lib/powerbi-visuals.d.ts(9486,67): error TS2503: Cannot find namespace 'D3'.
node_modules/powerbi-visuals/lib/powerbi-visuals.d.ts(10038,58): error TS2503: Cannot find namespace 'Microsoft'.
node_modules/powerbi-visuals/lib/powerbi-visuals.d.ts(10038,86): error TS2503: Cannot find namespace 'Microsoft'.
node_modules/powerbi-visuals/lib/powerbi-visuals.d.ts(10113,26): error TS2503: Cannot find namespace 'Microsoft'.
node_modules/powerbi-visuals/lib/powerbi-visuals.d.ts(10152,26): error TS2503: Cannot find namespace 'Microsoft'.
node_modules/powerbi-visuals/lib/powerbi-visuals.d.ts(10191,26): error TS2503: Cannot find namespace 'Microsoft'.
node_modules/powerbi-visuals/lib/powerbi-visuals.d.ts(10470,27): error TS7006: Parameter 'delta' implicitly has an 'any' type.
node_modules/powerbi-visuals/lib/powerbi-visuals.d.ts(10470,34): error TS7006: Parameter 'source' implicitly has an 'any' type.
node_modules/powerbi-visuals/lib/powerbi-visuals.d.ts(10482,28): error TS2503: Cannot find namespace 'quill'.
node_modules/powerbi-visuals/lib/powerbi-visuals.d.ts(10483,35): error TS2503: Cannot find namespace 'quill'.
node_modules/powerbi-visuals/lib/powerbi-visuals.d.ts(10483,49): error TS2503: Cannot find namespace 'quill'.
node_modules/powerbi-visuals/lib/powerbi-visuals.d.ts(10487,29): error TS2503: Cannot find namespace 'quill'.
node_modules/powerbi-visuals/lib/powerbi-visuals.d.ts(10490,37): error TS2503: Cannot find namespace 'quill'.
node_modules/powerbi-visuals/lib/powerbi-visuals.d.ts(10784,77): error TS7006: Parameter 'T' implicitly has an 'any' type.
node_modules/powerbi-visuals/lib/powerbi-visuals.d.ts(10796,110): error TS7006: Parameter 'T' implicitly has an 'any' type.
node_modules/powerbi-visuals/lib/powerbi-visuals.d.ts(11443,35): error TS2503: Cannot find namespace 'D3'.
node_modules/powerbi-visuals/lib/powerbi-visuals.d.ts(11572,43): error TS2503: Cannot find namespace 'D3'.
node_modules/powerbi-visuals/lib/powerbi-visuals.d.ts(11572,64): error TS2503: Cannot find namespace 'D3'.
node_modules/powerbi-visuals/lib/powerbi-visuals.d.ts(11572,159): error TS2503: Cannot find namespace 'D3'.
node_modules/powerbi-visuals/lib/powerbi-visuals.d.ts(11573,52): error TS2503: Cannot find namespace 'D3'.
node_modules/powerbi-visuals/lib/powerbi-visuals.d.ts(11573,73): error TS2503: Cannot find namespace 'D3'.
node_modules/powerbi-visuals/lib/powerbi-visuals.d.ts(11573,168): error TS2503: Cannot find namespace 'D3'.
node_modules/powerbi-visuals/lib/powerbi-visuals.d.ts(11574,48): error TS2503: Cannot find namespace 'D3'.
node_modules/powerbi-visuals/lib/powerbi-visuals.d.ts(11574,69): error TS2503: Cannot find namespace 'D3'.
node_modules/powerbi-visuals/lib/powerbi-visuals.d.ts(11574,158): error TS2503: Cannot find namespace 'D3'.
node_modules/powerbi-visuals/lib/powerbi-visuals.d.ts(11575,48): error TS2503: Cannot find namespace 'D3'.
node_modules/powerbi-visuals/lib/powerbi-visuals.d.ts(11575,69): error TS2503: Cannot find namespace 'D3'.
node_modules/powerbi-visuals/lib/powerbi-visuals.d.ts(11575,158): error TS2503: Cannot find namespace 'D3'.
node_modules/powerbi-visuals/lib/powerbi-visuals.d.ts(11576,42): error TS2503: Cannot find namespace 'D3'.
node_modules/powerbi-visuals/lib/powerbi-visuals.d.ts(11810,34): error TS2503: Cannot find namespace 'D3'.
node_modules/powerbi-visuals/lib/powerbi-visuals.d.ts(11885,40): error TS2503: Cannot find namespace 'D3'.
node_modules/powerbi-visuals/lib/powerbi-visuals.d.ts(11920,42): error TS2503: Cannot find namespace 'D3'.
node_modules/powerbi-visuals/lib/powerbi-visuals.d.ts(12063,51): error TS2503: Cannot find namespace 'D3'.
node_modules/powerbi-visuals/lib/powerbi-visuals.d.ts(12063,223): error TS2503: Cannot find namespace 'D3'.
node_modules/powerbi-visuals/lib/powerbi-visuals.d.ts(12064,60): error TS2503: Cannot find namespace 'D3'.
node_modules/powerbi-visuals/lib/powerbi-visuals.d.ts(12064,186): error TS2503: Cannot find namespace 'D3'.
node_modules/powerbi-visuals/lib/powerbi-visuals.d.ts(12453,61): error TS7006: Parameter 'string' implicitly has an 'any' type.
node_modules/powerbi-visuals/lib/powerbi-visuals.d.ts(12493,36): error TS7006: Parameter 'string' implicitly has an 'any' type.
node_modules/powerbi-visuals/lib/powerbi-visuals.d.ts(12644,53): error TS7006: Parameter 'T' implicitly has an 'any' type.
node_modules/powerbi-visuals/lib/powerbi-visuals.d.ts(13960,85): error TS7006: Parameter 'arg2' implicitly has an 'any' type.
node_modules/powerbi-visuals/lib/powerbi-visuals.d.ts(13960,91): error TS7006: Parameter 'T2' implicitly has an 'any' type.
node_modules/powerbi-visuals/lib/powerbi-visuals.d.ts(18067,126): error TS7006: Parameter 'DataViewCategoricalMapping' implicitly has an 'any' type.
node_modules/powerbi-visuals/lib/powerbi-visuals.d.ts(18485,64): error TS7006: Parameter 'IStringResourceProvider' implicitly has an 'any' type.
